8/9/2024 4:41:12 PM
GlazeWM.Infrastructure.Exceptions.FatalUserException: Failed to parse user config. (Line: 143, Col: 24, Idx: 3936) - (Line: 143, Col: 39, Idx: 3951): While parsing a block mapping, did not find expected key.
   at GlazeWM.Domain.UserConfigs.CommandHandlers.EvaluateUserConfigHandler.DeserializeUserConfig(String userConfigPath) in D:\a\glazewm\glazewm\GlazeWM.Domain\UserConfigs\CommandHandlers\EvaluateUserConfigHandler.cs:line 109
   at GlazeWM.Domain.UserConfigs.CommandHandlers.EvaluateUserConfigHandler.Handle(EvaluateUserConfigCommand command) in D:\a\glazewm\glazewm\GlazeWM.Domain\UserConfigs\CommandHandlers\EvaluateUserConfigHandler.cs:line 49
   at GlazeWM.Infrastructure.Bussing.Bus.Invoke[T](T command) in D:\a\glazewm\glazewm\GlazeWM.Infrastructure\Bussing\Bus.cs:line 48
   at GlazeWM.Domain.UserConfigs.CommandHandlers.ReloadUserConfigHandler.Handle(ReloadUserConfigCommand command) in D:\a\glazewm\glazewm\GlazeWM.Domain\UserConfigs\CommandHandlers\ReloadUserConfigHandler.cs:line 35
   at GlazeWM.Infrastructure.Bussing.Bus.Invoke[T](T command) in D:\a\glazewm\glazewm\GlazeWM.Infrastructure\Bussing\Bus.cs:line 48
   at CallSite.Target(Closure, CallSite, Bus, Object)
   at System.Dynamic.UpdateDelegates.UpdateAndExecuteVoid2[T0,T1](CallSite site, T0 arg0, T1 arg1)
   at GlazeWM.Domain.UserConfigs.CommandHandlers.RunWithSubjectContainerHandler.Handle(RunWithSubjectContainerCommand command) in D:\a\glazewm\glazewm\GlazeWM.Domain\UserConfigs\CommandHandlers\RunWithSubjectContainerHandler.cs:line 28
   at GlazeWM.Infrastructure.Bussing.Bus.Invoke[T](T command) in D:\a\glazewm\glazewm\GlazeWM.Infrastructure\Bussing\Bus.cs:line 48
   at GlazeWM.Domain.UserConfigs.CommandHandlers.RegisterKeybindingsHandler.<>c__DisplayClass4_0.<Handle>b__1() in D:\a\glazewm\glazewm\GlazeWM.Domain\UserConfigs\CommandHandlers\RegisterKeybindingsHandler.cs:line 63
Command history: HandleFatalExceptionCommand, EvaluateUserConfigCommand, ReloadUserConfigCommand, RunWithSubjectContainerCommand, FocusContainerUnderCursorCommand, FocusContainerUnderCursorCommand, FocusContainerUnderCursorCommand, FocusContainerUnderCursorCommand, FocusContainerUnderCursorCommand, FocusContainerUnderCursorCommand, FocusContainerUnderCursorCommand, FocusContainerUnderCursorCommand, FocusContainerUnderCursorCommand, FocusContainerUnderCursorCommand, FocusContainerUnderCursorCommand 
State dump: {"id":"facb1392-be4c-4beb-b20c-a5123059c963","x":0,"y":0,"width":0,"height":0,"type":"root","focus_index":0,"children":[{"device_name":"\\\\.\\DISPLAY1","id":"6362dfbb-f882-4ca2-a33e-b2996e8b0dfd","x":0,"y":0,"width":1920,"height":1080,"type":"monitor","focus_index":1,"children":[{"tiling_direction":"horizontal","size_percentage":1,"name":"1","id":"52cae7d1-e62a-4c7a-9766-1a01c454a257","x":1,"y":29,"width":1918,"height":1050,"type":"workspace","focus_index":0,"children":[{"floating_placement":{"left":0,"top":26,"right":1920,"bottom":1083,"x":0,"y":26,"width":1920,"height":1057},"border_delta":{"left":7,"top":0,"right":7,"bottom":7},"handle":460178,"size_percentage":1,"id":"596d08de-e9ec-47f8-b4c1-6732ff4bca95","x":1,"y":29,"width":1918,"height":1050,"type":"window","focus_index":0,"children":[]}]}]},{"device_name":"\\\\.\\DISPLAY2","id":"4c0863a4-3512-49a2-9391-e0f12efc1294","x":1920,"y":0,"width":1920,"height":1080,"type":"monitor","focus_index":0,"children":[{"tiling_direction":"horizontal","size_percentage":0.25,"name":"2","id":"5da129d7-f0e5-4acd-ac8b-db61d913e0b5","x":1921,"y":29,"width":1918,"height":1050,"type":"workspace","focus_index":4,"children":[{"floating_placement":{"left":1920,"top":26,"right":3840,"bottom":1083,"x":1920,"y":26,"width":1920,"height":1057},"border_delta":{"left":7,"top":0,"right":7,"bottom":7},"handle":329664,"size_percentage":1,"id":"77700c9b-22c0-4090-94b0-4d19cfbd7a47","x":1921,"y":29,"width":1918,"height":1050,"type":"window","focus_index":0,"children":[]}]},{"tiling_direction":"horizontal","size_percentage":0.25,"name":"3","id":"666ad5e4-b5b1-4478-a814-99981744915e","x":1921,"y":29,"width":1918,"height":1050,"type":"workspace","focus_index":3,"children":[{"floating_placement":{"left":2240,"top":194,"right":3520,"bottom":914,"x":2240,"y":194,"width":1280,"height":720},"border_delta":{"left":0,"top":0,"right":0,"bottom":0},"handle":66832,"size_percentage":0.5,"id":"0771a944-4b25-4559-a888-8d9905fbf831","x":1921,"y":29,"width":958,"height":1050,"type":"window","focus_index":0,"children":[]},{"floating_placement":{"left":2480,"top":249,"right":3280,"bottom":859,"x":2480,"y":249,"width":800,"height":610},"border_delta":{"left":0,"top":0,"right":0,"bottom":0},"handle":787842,"size_percentage":0.5,"id":"f13043ac-b7b5-46b6-a7f8-d4965b075792","x":2881,"y":29,"width":958,"height":1050,"type":"window","focus_index":1,"children":[]}]},{"tiling_direction":"horizontal","size_percentage":0.25,"name":"4","id":"6fb39543-effd-4661-bc84-17fcccc69ffc","x":1921,"y":29,"width":1918,"height":1050,"type":"workspace","focus_index":1,"children":[{"floating_placement":{"left":2401,"top":29,"right":3359,"bottom":1079,"x":2401,"y":29,"width":958,"height":1050},"border_delta":{"left":0,"top":0,"right":0,"bottom":0},"handle":198246,"size_percentage":1,"id":"ea53f64c-4b5e-449a-9c71-72ffde6efafd","x":1921,"y":29,"width":1918,"height":1050,"type":"window","focus_index":0,"children":[]}]},{"tiling_direction":"horizontal","size_percentage":0.25,"name":"5","id":"36354eca-9c92-41b1-b7cd-66537a494e96","x":1921,"y":29,"width":1918,"height":1050,"type":"workspace","focus_index":2,"children":[{"floating_placement":{"left":1921,"top":29,"right":3839,"bottom":1079,"x":1921,"y":29,"width":1918,"height":1050},"border_delta":{"left":0,"top":0,"right":0,"bottom":0},"handle":592344,"size_percentage":1,"id":"585ab254-8849-4eee-8ae1-678cedb6b880","x":1921,"y":29,"width":1918,"height":1050,"type":"window","focus_index":0,"children":[]}]},{"tiling_direction":"horizontal","size_percentage":0,"name":"10","id":"cfe3f564-d9d8-440a-b2d9-c7eb2d3c0cf4","x":1921,"y":29,"width":1918,"height":1050,"type":"workspace","focus_index":0,"children":[{"floating_placement":{"left":2256,"top":147,"right":3505,"bottom":962,"x":2256,"y":147,"width":1249,"height":815},"border_delta":{"left":7,"top":0,"right":7,"bottom":7},"handle":787846,"size_percentage":1,"id":"592cc69a-dfc0-4e71-b59f-0284ba48d309","x":1921,"y":29,"width":1918,"height":1050,"type":"window","focus_index":0,"children":[]}]}]}]}

8/9/2024 4:41:49 PM
GlazeWM.Infrastructure.Exceptions.FatalUserException: Failed to parse user config. (Line: 143, Col: 23, Idx: 3935) - (Line: 143, Col: 24, Idx: 3936): While parsing a block mapping, did not find expected key.
   at GlazeWM.Domain.UserConfigs.CommandHandlers.EvaluateUserConfigHandler.DeserializeUserConfig(String userConfigPath) in D:\a\glazewm\glazewm\GlazeWM.Domain\UserConfigs\CommandHandlers\EvaluateUserConfigHandler.cs:line 109
   at GlazeWM.Domain.UserConfigs.CommandHandlers.EvaluateUserConfigHandler.Handle(EvaluateUserConfigCommand command) in D:\a\glazewm\glazewm\GlazeWM.Domain\UserConfigs\CommandHandlers\EvaluateUserConfigHandler.cs:line 49
   at GlazeWM.Infrastructure.Bussing.Bus.Invoke[T](T command) in D:\a\glazewm\glazewm\GlazeWM.Infrastructure\Bussing\Bus.cs:line 41
   at GlazeWM.Domain.Common.CommandHandlers.PopulateInitialStateHandler.Handle(PopulateInitialStateCommand command) in D:\a\glazewm\glazewm\GlazeWM.Domain\Common\CommandHandlers\PopulateInitialStateHandler.cs:line 41
   at GlazeWM.Infrastructure.Bussing.Bus.Invoke[T](T command) in D:\a\glazewm\glazewm\GlazeWM.Infrastructure\Bussing\Bus.cs:line 41
   at GlazeWM.App.WindowManager.WmStartup.Run()
Command history: HandleFatalExceptionCommand, EvaluateUserConfigCommand, PopulateInitialStateCommand 
State dump: {"id":"ad6e5b14-9bb6-4bab-befa-2903e77b3989","x":0,"y":0,"width":0,"height":0,"type":"root","focus_index":0,"children":[]}

8/15/2024 8:10:54 AM
GlazeWM.Infrastructure.Exceptions.FatalUserException: Failed to parse user config. (Line: 159, Col: 6, Idx: 4302) - (Line: 159, Col: 6, Idx: 4302): While parsing a block mapping, did not find expected key.
   at GlazeWM.Domain.UserConfigs.CommandHandlers.EvaluateUserConfigHandler.DeserializeUserConfig(String userConfigPath) in D:\a\glazewm\glazewm\GlazeWM.Domain\UserConfigs\CommandHandlers\EvaluateUserConfigHandler.cs:line 109
   at GlazeWM.Domain.UserConfigs.CommandHandlers.EvaluateUserConfigHandler.Handle(EvaluateUserConfigCommand command) in D:\a\glazewm\glazewm\GlazeWM.Domain\UserConfigs\CommandHandlers\EvaluateUserConfigHandler.cs:line 49
   at GlazeWM.Infrastructure.Bussing.Bus.Invoke[T](T command) in D:\a\glazewm\glazewm\GlazeWM.Infrastructure\Bussing\Bus.cs:line 48
   at GlazeWM.Domain.UserConfigs.CommandHandlers.ReloadUserConfigHandler.Handle(ReloadUserConfigCommand command) in D:\a\glazewm\glazewm\GlazeWM.Domain\UserConfigs\CommandHandlers\ReloadUserConfigHandler.cs:line 35
   at GlazeWM.Infrastructure.Bussing.Bus.Invoke[T](T command) in D:\a\glazewm\glazewm\GlazeWM.Infrastructure\Bussing\Bus.cs:line 48
   at CallSite.Target(Closure, CallSite, Bus, Object)
   at System.Dynamic.UpdateDelegates.UpdateAndExecuteVoid2[T0,T1](CallSite site, T0 arg0, T1 arg1)
   at GlazeWM.Domain.UserConfigs.CommandHandlers.RunWithSubjectContainerHandler.Handle(RunWithSubjectContainerCommand command) in D:\a\glazewm\glazewm\GlazeWM.Domain\UserConfigs\CommandHandlers\RunWithSubjectContainerHandler.cs:line 53
   at GlazeWM.Infrastructure.Bussing.Bus.Invoke[T](T command) in D:\a\glazewm\glazewm\GlazeWM.Infrastructure\Bussing\Bus.cs:line 48
   at GlazeWM.Domain.UserConfigs.CommandHandlers.RegisterKeybindingsHandler.<>c__DisplayClass4_0.<Handle>b__1() in D:\a\glazewm\glazewm\GlazeWM.Domain\UserConfigs\CommandHandlers\RegisterKeybindingsHandler.cs:line 55
Command history: HandleFatalExceptionCommand, EvaluateUserConfigCommand, ReloadUserConfigCommand, RunWithSubjectContainerCommand, FocusContainerUnderCursorCommand, FocusContainerUnderCursorCommand, FocusContainerUnderCursorCommand, FocusContainerUnderCursorCommand, FocusContainerUnderCursorCommand, FocusContainerUnderCursorCommand, FocusContainerUnderCursorCommand, FocusContainerUnderCursorCommand, FocusContainerUnderCursorCommand, FocusContainerUnderCursorCommand, FocusContainerUnderCursorCommand 
State dump: {"id":"d472bc41-9f1d-4136-b349-182f8dea4d99","x":0,"y":0,"width":0,"height":0,"type":"root","focus_index":0,"children":[{"device_name":"\\\\.\\DISPLAY1","id":"dadfc0e1-51d2-4d26-867b-dc06a202edf8","x":1920,"y":-2,"width":1920,"height":1080,"type":"monitor","focus_index":0,"children":[{"tiling_direction":"horizontal","size_percentage":1,"name":"2","id":"d373a42f-7653-4449-8acc-350d176e9a88","x":1921,"y":27,"width":1918,"height":1050,"type":"workspace","focus_index":1,"children":[{"floating_placement":{"left":2401,"top":27,"right":3359,"bottom":1077,"x":2401,"y":27,"width":958,"height":1050},"border_delta":{"left":0,"top":0,"right":0,"bottom":0},"handle":591168,"previous_state":"tiling","id":"67d89d65-a0f8-44fc-ac15-6cf91d0fecf0","x":0,"y":0,"width":0,"height":0,"type":"window","focus_index":1,"children":[]},{"floating_placement":{"left":1914,"top":24,"right":3846,"bottom":1081,"x":1914,"y":24,"width":1932,"height":1057},"border_delta":{"left":7,"top":0,"right":7,"bottom":7},"handle":657144,"size_percentage":1,"id":"975f0cf7-e83f-4713-9817-dfb591fd5953","x":1921,"y":27,"width":1918,"height":1050,"type":"window","focus_index":0,"children":[]}]},{"tiling_direction":"horizontal","size_percentage":0,"name":"3","id":"d432e40e-284d-487a-989f-48805421a4b9","x":1921,"y":27,"width":1918,"height":1050,"type":"workspace","focus_index":2,"children":[{"floating_placement":{"left":2401,"top":27,"right":3359,"bottom":1077,"x":2401,"y":27,"width":958,"height":1050},"border_delta":{"left":0,"top":0,"right":0,"bottom":0},"handle":66976,"size_percentage":0.5,"id":"b18e7990-74d7-4716-a805-f32f3033ba96","x":1921,"y":27,"width":958,"height":1050,"type":"window","focus_index":0,"children":[]},{"floating_placement":{"left":2240,"top":192,"right":3520,"bottom":912,"x":2240,"y":192,"width":1280,"height":720},"border_delta":{"left":0,"top":0,"right":0,"bottom":0},"handle":327778,"size_percentage":0.5,"id":"d6e2ddff-acdd-4ded-adae-427276eec9af","x":2881,"y":27,"width":958,"height":1050,"type":"window","focus_index":1,"children":[]}]},{"tiling_direction":"horizontal","size_percentage":0,"name":"10","id":"e89aeceb-347a-4502-b422-94915537871b","x":1921,"y":27,"width":1918,"height":1050,"type":"workspace","focus_index":0,"children":[{"floating_placement":{"left":2256,"top":145,"right":3505,"bottom":960,"x":2256,"y":145,"width":1249,"height":815},"border_delta":{"left":7,"top":0,"right":7,"bottom":7},"handle":393390,"size_percentage":1,"id":"a6b06b7b-8321-4a86-a664-bb9966060644","x":1921,"y":27,"width":1918,"height":1050,"type":"window","focus_index":0,"children":[]}]}]},{"device_name":"\\\\.\\DISPLAY2","id":"2caf304f-9361-4a74-b021-a4a7ba7eb2ec","x":0,"y":0,"width":1920,"height":1080,"type":"monitor","focus_index":1,"children":[{"tiling_direction":"horizontal","size_percentage":1,"name":"1","id":"92d723ec-19fb-40c2-9e5e-6f622a52da79","x":1,"y":29,"width":1918,"height":1050,"type":"workspace","focus_index":0,"children":[{"floating_placement":{"left":474,"top":26,"right":1446,"bottom":1083,"x":474,"y":26,"width":972,"height":1057},"border_delta":{"left":7,"top":0,"right":7,"bottom":7},"handle":263936,"size_percentage":1,"id":"1a8f25b6-978c-46d3-bba5-433318209cba","x":1,"y":29,"width":1918,"height":1050,"type":"window","focus_index":0,"children":[]}]}]}]}

8/15/2024 8:56:31 AM
GlazeWM.Infrastructure.Exceptions.FatalUserException: Failed to parse user config. Invalid command 'move to workspace 0'.
   at GlazeWM.Domain.UserConfigs.CommandHandlers.EvaluateUserConfigHandler.ValidateDeserializedConfig(UserConfig deserializedConfig) in D:\a\glazewm\glazewm\GlazeWM.Domain\UserConfigs\CommandHandlers\EvaluateUserConfigHandler.cs:line 209
   at GlazeWM.Domain.UserConfigs.CommandHandlers.EvaluateUserConfigHandler.Handle(EvaluateUserConfigCommand command) in D:\a\glazewm\glazewm\GlazeWM.Domain\UserConfigs\CommandHandlers\EvaluateUserConfigHandler.cs:line 58
   at GlazeWM.Infrastructure.Bussing.Bus.Invoke[T](T command) in D:\a\glazewm\glazewm\GlazeWM.Infrastructure\Bussing\Bus.cs:line 48
   at GlazeWM.Domain.UserConfigs.CommandHandlers.ReloadUserConfigHandler.Handle(ReloadUserConfigCommand command) in D:\a\glazewm\glazewm\GlazeWM.Domain\UserConfigs\CommandHandlers\ReloadUserConfigHandler.cs:line 35
   at GlazeWM.Infrastructure.Bussing.Bus.Invoke[T](T command) in D:\a\glazewm\glazewm\GlazeWM.Infrastructure\Bussing\Bus.cs:line 48
   at CallSite.Target(Closure, CallSite, Bus, Object)
   at System.Dynamic.UpdateDelegates.UpdateAndExecuteVoid2[T0,T1](CallSite site, T0 arg0, T1 arg1)
   at GlazeWM.Domain.UserConfigs.CommandHandlers.RunWithSubjectContainerHandler.Handle(RunWithSubjectContainerCommand command) in D:\a\glazewm\glazewm\GlazeWM.Domain\UserConfigs\CommandHandlers\RunWithSubjectContainerHandler.cs:line 28
   at GlazeWM.Infrastructure.Bussing.Bus.Invoke[T](T command) in D:\a\glazewm\glazewm\GlazeWM.Infrastructure\Bussing\Bus.cs:line 48
   at GlazeWM.Domain.UserConfigs.CommandHandlers.RegisterKeybindingsHandler.<>c__DisplayClass4_0.<Handle>b__1() in D:\a\glazewm\glazewm\GlazeWM.Domain\UserConfigs\CommandHandlers\RegisterKeybindingsHandler.cs:line 63
Command history: HandleFatalExceptionCommand, EvaluateUserConfigCommand, ReloadUserConfigCommand, RunWithSubjectContainerCommand, SetActiveWindowBorderCommand, CenterCursorOnContainerCommand, SyncNativeFocusCommand, RedrawContainersCommand, SetFocusedDescendantCommand, FocusWorkspaceCommand, RunWithSubjectContainerCommand, SetActiveWindowBorderCommand, CenterCursorOnContainerCommand, SyncNativeFocusCommand, RedrawContainersCommand 
State dump: {"id":"85ff5c05-1ec9-41cc-b025-a56bff0f5a07","x":0,"y":0,"width":0,"height":0,"type":"root","focus_index":0,"children":[{"device_name":"\\\\.\\DISPLAY1","id":"c7f26972-5a6e-4eb6-816d-da0fa2b5862c","x":1920,"y":-2,"width":1920,"height":1080,"type":"monitor","focus_index":0,"children":[{"tiling_direction":"horizontal","size_percentage":1,"name":"2","id":"0cadfe5d-c41d-4532-a437-f3ec5b4d37d1","x":1921,"y":27,"width":1918,"height":1050,"type":"workspace","focus_index":1,"children":[{"floating_placement":{"left":2401,"top":27,"right":3359,"bottom":1077,"x":2401,"y":27,"width":958,"height":1050},"border_delta":{"left":0,"top":0,"right":0,"bottom":0},"handle":591168,"previous_state":"tiling","id":"b26314b6-727a-48ec-a8ac-637e33bf1825","x":0,"y":0,"width":0,"height":0,"type":"window","focus_index":1,"children":[]},{"floating_placement":{"left":1920,"top":24,"right":3840,"bottom":1081,"x":1920,"y":24,"width":1920,"height":1057},"border_delta":{"left":7,"top":0,"right":7,"bottom":7},"handle":788490,"size_percentage":1,"id":"b5b47c6a-681d-4bee-bda5-2fb72aef48cf","x":1921,"y":27,"width":1918,"height":1050,"type":"window","focus_index":0,"children":[]}]},{"tiling_direction":"horizontal","size_percentage":0,"name":"3","id":"d9db8572-615a-4cad-acce-aba1beb580dd","x":1921,"y":27,"width":1918,"height":1050,"type":"workspace","focus_index":2,"children":[{"floating_placement":{"left":2401,"top":27,"right":3359,"bottom":1077,"x":2401,"y":27,"width":958,"height":1050},"border_delta":{"left":0,"top":0,"right":0,"bottom":0},"handle":327778,"size_percentage":0.5,"id":"ed02ce6d-c388-483d-8d1b-90fd4bd88242","x":1921,"y":27,"width":958,"height":1050,"type":"window","focus_index":1,"children":[]},{"floating_placement":{"left":2401,"top":27,"right":3359,"bottom":1077,"x":2401,"y":27,"width":958,"height":1050},"border_delta":{"left":0,"top":0,"right":0,"bottom":0},"handle":66976,"size_percentage":0.5,"id":"7e85e4dc-8fcb-4e3b-92e9-6788cbfae820","x":2881,"y":27,"width":958,"height":1050,"type":"window","focus_index":0,"children":[]}]},{"tiling_direction":"horizontal","size_percentage":0,"name":"10","id":"87170d94-f785-4544-a5af-f6289304f655","x":1921,"y":27,"width":1918,"height":1050,"type":"workspace","focus_index":0,"children":[{"floating_placement":{"left":2256,"top":145,"right":3505,"bottom":960,"x":2256,"y":145,"width":1249,"height":815},"border_delta":{"left":7,"top":0,"right":7,"bottom":7},"handle":853990,"size_percentage":1,"id":"d9021c72-dce2-4ceb-b041-99ac4b013e0c","x":1921,"y":27,"width":1918,"height":1050,"type":"window","focus_index":0,"children":[]}]},{"tiling_direction":"horizontal","size_percentage":0,"name":"4","id":"27ad1df0-e62e-4270-bf5b-af751f3e5d4d","x":1921,"y":27,"width":1918,"height":1050,"type":"workspace","focus_index":3,"children":[{"floating_placement":{"left":2394,"top":24,"right":3366,"bottom":1081,"x":2394,"y":24,"width":972,"height":1057},"border_delta":{"left":7,"top":0,"right":7,"bottom":7},"handle":657144,"size_percentage":1,"id":"149566ee-4276-4e98-b5fd-b8ac9a75a7bc","x":1921,"y":27,"width":1918,"height":1050,"type":"window","focus_index":0,"children":[]}]},{"tiling_direction":"horizontal","size_percentage":0,"name":"5","id":"7158e7e6-bf5f-41ff-890d-c1676d0fe08f","x":1921,"y":27,"width":1918,"height":1050,"type":"workspace","focus_index":4,"children":[{"floating_placement":{"left":2401,"top":27,"right":3359,"bottom":1077,"x":2401,"y":27,"width":958,"height":1050},"border_delta":{"left":0,"top":0,"right":0,"bottom":0},"handle":527490,"size_percentage":1,"id":"6bc2ddc2-8da5-4d51-bb40-2f700f702d82","x":1921,"y":27,"width":1918,"height":1050,"type":"window","focus_index":0,"children":[]}]}]},{"device_name":"\\\\.\\DISPLAY2","id":"0ff6a74c-b10e-425c-854f-dd9aa38712fb","x":0,"y":0,"width":1920,"height":1080,"type":"monitor","focus_index":1,"children":[{"tiling_direction":"horizontal","size_percentage":1,"name":"1","id":"bdbe7367-4d78-4f43-b628-92db9e62792e","x":1,"y":29,"width":1918,"height":1050,"type":"workspace","focus_index":0,"children":[{"floating_placement":{"left":-6,"top":26,"right":1926,"bottom":1083,"x":-6,"y":26,"width":1932,"height":1057},"border_delta":{"left":7,"top":0,"right":7,"bottom":7},"handle":263936,"size_percentage":1,"id":"e123ce59-29bc-4f50-9bb8-67daca2f3b89","x":1,"y":29,"width":1918,"height":1050,"type":"window","focus_index":0,"children":[]}]}]}]}

8/15/2024 8:57:42 AM
GlazeWM.Infrastructure.Exceptions.FatalUserException: Failed to parse user config. Invalid command 'move to workspace r0'.
   at GlazeWM.Domain.UserConfigs.CommandHandlers.EvaluateUserConfigHandler.ValidateDeserializedConfig(UserConfig deserializedConfig) in D:\a\glazewm\glazewm\GlazeWM.Domain\UserConfigs\CommandHandlers\EvaluateUserConfigHandler.cs:line 209
   at GlazeWM.Domain.UserConfigs.CommandHandlers.EvaluateUserConfigHandler.Handle(EvaluateUserConfigCommand command) in D:\a\glazewm\glazewm\GlazeWM.Domain\UserConfigs\CommandHandlers\EvaluateUserConfigHandler.cs:line 58
   at GlazeWM.Infrastructure.Bussing.Bus.Invoke[T](T command) in D:\a\glazewm\glazewm\GlazeWM.Infrastructure\Bussing\Bus.cs:line 48
   at GlazeWM.Domain.UserConfigs.CommandHandlers.ReloadUserConfigHandler.Handle(ReloadUserConfigCommand command) in D:\a\glazewm\glazewm\GlazeWM.Domain\UserConfigs\CommandHandlers\ReloadUserConfigHandler.cs:line 35
   at GlazeWM.Infrastructure.Bussing.Bus.Invoke[T](T command) in D:\a\glazewm\glazewm\GlazeWM.Infrastructure\Bussing\Bus.cs:line 48
   at CallSite.Target(Closure, CallSite, Bus, Object)
   at System.Dynamic.UpdateDelegates.UpdateAndExecuteVoid2[T0,T1](CallSite site, T0 arg0, T1 arg1)
   at GlazeWM.Domain.UserConfigs.CommandHandlers.RunWithSubjectContainerHandler.Handle(RunWithSubjectContainerCommand command) in D:\a\glazewm\glazewm\GlazeWM.Domain\UserConfigs\CommandHandlers\RunWithSubjectContainerHandler.cs:line 53
   at GlazeWM.Infrastructure.Bussing.Bus.Invoke[T](T command) in D:\a\glazewm\glazewm\GlazeWM.Infrastructure\Bussing\Bus.cs:line 48
   at GlazeWM.Domain.UserConfigs.CommandHandlers.RegisterKeybindingsHandler.<>c__DisplayClass4_0.<Handle>b__1() in D:\a\glazewm\glazewm\GlazeWM.Domain\UserConfigs\CommandHandlers\RegisterKeybindingsHandler.cs:line 55
Command history: HandleFatalExceptionCommand, EvaluateUserConfigCommand, ReloadUserConfigCommand, RunWithSubjectContainerCommand, FocusContainerUnderCursorCommand, FocusContainerUnderCursorCommand, FocusContainerUnderCursorCommand, FocusContainerUnderCursorCommand, FocusContainerUnderCursorCommand, FocusContainerUnderCursorCommand, SyncNativeFocusCommand, RedrawContainersCommand, DetachContainerCommand, IgnoreWindowCommand, RunWithSubjectContainerCommand 
State dump: {"id":"b6a34717-890d-4787-9715-3bf7ea142878","x":0,"y":0,"width":0,"height":0,"type":"root","focus_index":0,"children":[{"device_name":"\\\\.\\DISPLAY1","id":"e199aad3-248d-4706-99de-75def3457778","x":1920,"y":-2,"width":1920,"height":1080,"type":"monitor","focus_index":0,"children":[{"tiling_direction":"horizontal","size_percentage":1,"name":"2","id":"0fc74e7a-d948-452d-a8af-574eb1a7d5cc","x":1921,"y":27,"width":1918,"height":1050,"type":"workspace","focus_index":0,"children":[{"floating_placement":{"left":1914,"top":24,"right":3846,"bottom":1081,"x":1914,"y":24,"width":1932,"height":1057},"border_delta":{"left":7,"top":0,"right":7,"bottom":7},"handle":788490,"size_percentage":0.5,"id":"92a757f0-e0bb-4130-9e6e-d6e6bf434138","x":1921,"y":27,"width":958,"height":1050,"type":"window","focus_index":1,"children":[]},{"floating_placement":{"left":1914,"top":24,"right":3846,"bottom":1081,"x":1914,"y":24,"width":1932,"height":1057},"border_delta":{"left":7,"top":0,"right":7,"bottom":7},"handle":853990,"size_percentage":0.5,"id":"3cd74dac-d007-4a27-b928-f43b4f6484ee","x":2881,"y":27,"width":958,"height":1050,"type":"window","focus_index":0,"children":[]},{"floating_placement":{"left":2401,"top":27,"right":3359,"bottom":1077,"x":2401,"y":27,"width":958,"height":1050},"border_delta":{"left":0,"top":0,"right":0,"bottom":0},"handle":591168,"previous_state":"tiling","id":"cfce8e2b-ea26-4091-9a2c-b0644e95b475","x":0,"y":0,"width":0,"height":0,"type":"window","focus_index":2,"children":[]}]},{"tiling_direction":"horizontal","size_percentage":0,"name":"4","id":"e690b602-cabc-4c8a-ae36-6ef1e6de8dcb","x":1921,"y":27,"width":1918,"height":1050,"type":"workspace","focus_index":3,"children":[{"floating_placement":{"left":1914,"top":24,"right":3846,"bottom":1081,"x":1914,"y":24,"width":1932,"height":1057},"border_delta":{"left":7,"top":0,"right":7,"bottom":7},"handle":657144,"size_percentage":1,"id":"9e037d24-b1f3-4db3-a2b0-db3d3e55fca9","x":1921,"y":27,"width":1918,"height":1050,"type":"window","focus_index":0,"children":[]}]},{"tiling_direction":"horizontal","size_percentage":0,"name":"3","id":"abb30d35-c5e1-432d-8e64-5a54508f81cb","x":1921,"y":27,"width":1918,"height":1050,"type":"workspace","focus_index":2,"children":[{"floating_placement":{"left":2401,"top":27,"right":3359,"bottom":1077,"x":2401,"y":27,"width":958,"height":1050},"border_delta":{"left":0,"top":0,"right":0,"bottom":0},"handle":66976,"size_percentage":0.5,"id":"2ca2d114-a143-494f-a05d-faa0d090f131","x":1921,"y":27,"width":958,"height":1050,"type":"window","focus_index":1,"children":[]},{"floating_placement":{"left":2401,"top":27,"right":3359,"bottom":1077,"x":2401,"y":27,"width":958,"height":1050},"border_delta":{"left":0,"top":0,"right":0,"bottom":0},"handle":327778,"size_percentage":0.5,"id":"1c067929-480e-44c8-bc67-717a12b3f279","x":2881,"y":27,"width":958,"height":1050,"type":"window","focus_index":0,"children":[]}]},{"tiling_direction":"horizontal","size_percentage":0,"name":"5","id":"067f8774-9ed7-4372-b10b-e639c39e5e03","x":1921,"y":27,"width":1918,"height":1050,"type":"workspace","focus_index":1,"children":[{"floating_placement":{"left":1921,"top":27,"right":3839,"bottom":1077,"x":1921,"y":27,"width":1918,"height":1050},"border_delta":{"left":0,"top":0,"right":0,"bottom":0},"handle":527490,"size_percentage":1,"id":"a63fe79b-136a-436c-a8c1-a081b8256d78","x":1921,"y":27,"width":1918,"height":1050,"type":"window","focus_index":0,"children":[]}]}]},{"device_name":"\\\\.\\DISPLAY2","id":"31a9db94-d575-465e-b20e-2faba2f67c6d","x":0,"y":0,"width":1920,"height":1080,"type":"monitor","focus_index":1,"children":[{"tiling_direction":"horizontal","size_percentage":1,"name":"1","id":"99456118-273d-4823-b218-0d0e6dbcdf8d","x":1,"y":29,"width":1918,"height":1050,"type":"workspace","focus_index":0,"children":[{"floating_placement":{"left":-6,"top":26,"right":1926,"bottom":1083,"x":-6,"y":26,"width":1932,"height":1057},"border_delta":{"left":7,"top":0,"right":7,"bottom":7},"handle":263936,"size_percentage":1,"id":"3c21d1ae-0574-4735-ab58-5b456f1cb9a4","x":1,"y":29,"width":1918,"height":1050,"type":"window","focus_index":0,"children":[]}]}]}]}

[2m2024-08-19T12:52:49.847054Z[0m [31mERROR[0m [2mglazewm[0m[2m:[0m general: missing field `cursor_jump` at line 34 column 3
[2m2024-08-19T12:53:29.436084Z[0m [31mERROR[0m [2mglazewm[0m[2m:[0m general: missing field `cursor_jump` at line 34 column 3
[2m2024-08-19T12:53:43.234367Z[0m [31mERROR[0m [2mglazewm[0m[2m:[0m general: missing field `cursor_jump` at line 34 column 3
[2m2024-08-19T12:53:58.475673Z[0m [31mERROR[0m [2mglazewm[0m[2m:[0m general.cursor_jump: invalid type: boolean `true`, expected struct CursorJumpConfig at line 37 column 16
[2m2024-08-19T12:56:08.819325Z[0m [31mERROR[0m [2mglazewm[0m[2m:[0m gaps.outer_gap: invalid type: string "1", expected struct RectDelta at line 64 column 14
[2m2024-08-19T12:57:05.780437Z[0m [31mERROR[0m [2mglazewm[0m[2m:[0m window_rules[0]: missing field `commands` at line 188 column 5
[2m2024-08-19T12:58:44.378211Z[0m [31mERROR[0m [2mglazewm[0m[2m:[0m window_rules[0]: missing field `commands` at line 188 column 5
[2m2024-08-19T12:59:17.633719Z[0m [31mERROR[0m [2mglazewm[0m[2m:[0m window_rules[0].commands: invalid type: string "ignore", expected a sequence at line 188 column 15
[2m2024-08-19T12:59:34.332138Z[0m [31mERROR[0m [2mglazewm[0m[2m:[0m window_rules[0].commands: invalid type: string "ignore", expected a sequence at line 188 column 15
[2m2024-08-19T13:01:10.527810Z[0m [31mERROR[0m [2mglazewm[0m[2m:[0m window_rules[0]: missing field `match` at line 188 column 5
[2m2024-08-19T13:17:38.367636Z[0m [31mERROR[0m [2mglazewm[0m[2m:[0m window_rules[0]: missing field `match` at line 188 column 5
[2m2024-08-19T13:21:47.627961Z[0m [31mERROR[0m [2mglazewm[0m[2m:[0m window_rules[1].commands: unrecognized subcommand
 at line 193 column 15
[2m2024-08-19T13:22:57.958346Z[0m [31mERROR[0m [2mglazewm[0m[2m:[0m window_rules[1].commands: unrecognized subcommand
 at line 193 column 15
[2m2024-08-19T13:23:03.071025Z[0m [31mERROR[0m [2mglazewm[0m[2m:[0m window_rules[1]: missing field `match` at line 193 column 5
[2m2024-08-19T13:40:05.484204Z[0m [31mERROR[0m [2mglazewm[0m[2m:[0m window_rules[1]: missing field `match` at line 193 column 5
[2m2024-08-19T13:41:01.916271Z[0m [31mERROR[0m [2mglazewm[0m[2m:[0m window_rules[3].commands: unexpected argument found
 at line 205 column 15
[2m2024-08-19T13:41:21.483656Z[0m [31mERROR[0m [2mglazewm[0m[2m:[0m window_rules[3].commands: unrecognized subcommand
 at line 205 column 15
[2m2024-08-19T13:46:57.755732Z[0m [31mERROR[0m [2mglazewm[0m[2m:[0m window_rules[3].commands: unexpected argument found
 at line 205 column 15
[2m2024-08-19T13:47:26.123452Z[0m [31mERROR[0m [2mglazewm[0m[2m:[0m window_rules[5].commands: unexpected argument found
 at line 214 column 15
[2m2024-08-19T13:50:54.566512Z[0m [31mERROR[0m [2mglazewm[0m[2m:[0m binding_modes[0].keybindings[0]: missing field `commands` at line 244 column 9
[2m2024-08-19T13:51:42.282023Z[0m [31mERROR[0m [2mglazewm[0m[2m:[0m binding_modes[0].keybindings[0].commands: invalid type: string "resize --width -2%", expected a sequence at line 244 column 19
[2m2024-08-19T13:53:04.742175Z[0m [31mERROR[0m [2mglazewm[0m[2m:[0m keybindings[0]: missing field `commands` at line 257 column 5
[2m2024-08-19T13:53:21.346821Z[0m [31mERROR[0m [2mglazewm[0m[2m:[0m keybindings[0].commands: unrecognized subcommand
 at line 257 column 15
[2m2024-08-19T13:54:10.185280Z[0m [31mERROR[0m [2mglazewm[0m[2m:[0m keybindings[0].commands: unrecognized subcommand
 at line 257 column 15
[2m2024-08-19T13:56:03.457311Z[0m [31mERROR[0m [2mglazewm[0m[2m:[0m keybindings[1]: missing field `commands` at line 260 column 5
[2m2024-08-19T13:57:05.666136Z[0m [31mERROR[0m [2mglazewm[0m[2m:[0m keybindings[3].commands: unexpected argument found
 at line 265 column 15
[2m2024-08-19T13:58:11.566852Z[0m [31mERROR[0m [2mglazewm[0m[2m:[0m keybindings[3].commands: unexpected argument found
 at line 265 column 15
[2m2024-08-19T13:58:40.940896Z[0m [31mERROR[0m [2mglazewm[0m[2m:[0m keybindings[11]: missing field `bindings` at line 286 column 5
[2m2024-08-19T14:03:24.381467Z[0m [31mERROR[0m [2mglazewm[0m[2m:[0m keybindings[11]: missing field `bindings` at line 286 column 5
[2m2024-08-19T14:08:47.139171Z[0m [31mERROR[0m [2mglazewm[0m[2m:[0m keybindings[16].commands: unrecognized subcommand
 at line 301 column 15
[2m2024-08-19T14:14:37.446481Z[0m [31mERROR[0m [2mglazewm[0m[2m:[0m keybindings[48].commands: unexpected argument found
 at line 399 column 15
[2m2024-08-19T14:15:25.645719Z[0m [31mERROR[0m [2mglazewm[0m[2m:[0m keybindings[60]: missing field `bindings` at line 427 column 5
[2m2024-08-19T14:15:42.031112Z[0m [31mERROR[0m [2mglazewm[0m[2m:[0m keybindings[61]: missing field `bindings` at line 429 column 5
[2m2024-08-19T14:15:49.926582Z[0m [31mERROR[0m [2mglazewm[0m[2m:[0m keybindings[70]: missing field `bindings` at line 451 column 5
[2m2024-08-19T14:16:00.743126Z[0m [31mERROR[0m [2mglazewm[0m[2m:[0m missing field `window_behavior`
[2m2024-08-19T14:18:03.827449Z[0m [31mERROR[0m [2mglazewm[0m[2m:[0m missing field `window_effects`
[2m2024-08-20T13:07:57.032527Z[0m [31mERROR[0m [2mglazewm[0m[2m:[0m could not find expected ':' at line 142 column 5, while scanning a simple key at line 141 column 5
[2m2024-08-20T13:08:27.422218Z[0m [31mERROR[0m [2mglazewm[0m[2m:[0m could not find expected ':' at line 142 column 3, while scanning a simple key at line 141 column 5
[2m2024-08-22T15:09:14.944396Z[0m [31mERROR[0m [2mglazewm[0m[2m:[0m Another instance of the application is already running.
[2m2024-08-26T15:08:52.105099Z[0m [31mERROR[0m [2mglazewm[0m[2m:[0m could not find expected ':' at line 142 column 5, while scanning a simple key at line 141 column 5
[2m2024-08-26T15:11:15.506798Z[0m [31mERROR[0m [2mglazewm[0m[2m:[0m window_rules[9]: missing field `commands` at line 158 column 5
[2m2024-08-26T15:31:59.872874Z[0m [31mERROR[0m [2mglazewm[0m[2m:[0m did not find expected '-' indicator at line 109 column 3, while parsing a block collection at line 73 column 3
